

Started GET "/" for 10.0.2.2 at 2015-04-22 07:29:16 +0000
Processing by PagesController#home as HTML
Completed 500 Internal Server Error in 244ms

ActionView::MissingTemplate (Missing template pages/home, application/home with {:locale=>[:en], :formats=>[:html], :variants=>[], :handlers=>[:erb, :builder, :raw, :ruby, :coffee, :jbuilder]}. Searched in:
  * "/vagrant/rails-decal-sp15-proj2/proj2/app/views"
):
  actionview (4.1.6) lib/action_view/path_set.rb:46:in `find'
  actionview (4.1.6) lib/action_view/lookup_context.rb:124:in `find'
  actionview (4.1.6) lib/action_view/renderer/abstract_renderer.rb:18:in `find_template'
  actionview (4.1.6) lib/action_view/renderer/template_renderer.rb:41:in `determine_template'
  actionview (4.1.6) lib/action_view/renderer/template_renderer.rb:8:in `render'
  actionview (4.1.6) lib/action_view/renderer/renderer.rb:42:in `render_template'
  actionview (4.1.6) lib/action_view/renderer/renderer.rb:23:in `render'
  actionview (4.1.6) lib/action_view/rendering.rb:99:in `_render_template'
  actionpack (4.1.6) lib/action_controller/metal/streaming.rb:217:in `_render_template'
  actionview (4.1.6) lib/action_view/rendering.rb:82:in `render_to_body'
  actionpack (4.1.6) lib/action_controller/metal/rendering.rb:32:in `render_to_body'
  actionpack (4.1.6) lib/action_controller/metal/renderers.rb:32:in `render_to_body'
  actionpack (4.1.6) lib/abstract_controller/rendering.rb:25:in `render'
  actionpack (4.1.6) lib/action_controller/metal/rendering.rb:16:in `render'
  actionpack (4.1.6) lib/action_controller/metal/instrumentation.rb:41:in `block (2 levels) in render'
  activesupport (4.1.6) lib/active_support/core_ext/benchmark.rb:12:in `block in ms'
  /home/vagrant/.rvm/rubies/ruby-2.2.0/lib/ruby/2.2.0/benchmark.rb:303:in `realtime'
  activesupport (4.1.6) lib/active_support/core_ext/benchmark.rb:12:in `ms'
  actionpack (4.1.6) lib/action_controller/metal/instrumentation.rb:41:in `block in render'
  actionpack (4.1.6) lib/action_controller/metal/instrumentation.rb:84:in `cleanup_view_runtime'
  activerecord (4.1.6) lib/active_record/railties/controller_runtime.rb:25:in `cleanup_view_runtime'
  actionpack (4.1.6) lib/action_controller/metal/instrumentation.rb:40:in `render'
  actionpack (4.1.6) lib/action_controller/metal/implicit_render.rb:10:in `default_render'
  actionpack (4.1.6) lib/action_controller/metal/implicit_render.rb:5:in `send_action'
  actionpack (4.1.6) lib/abstract_controller/base.rb:189:in `process_action'
  actionpack (4.1.6) lib/action_controller/metal/rendering.rb:10:in `process_action'
  actionpack (4.1.6) lib/abstract_controller/callbacks.rb:20:in `block in process_action'
  activesupport (4.1.6) lib/active_support/callbacks.rb:113:in `call'
  activesupport (4.1.6) lib/active_support/callbacks.rb:113:in `call'
  activesupport (4.1.6) lib/active_support/callbacks.rb:229:in `block in halting'
  activesupport (4.1.6) lib/active_support/callbacks.rb:229:in `call'
  activesupport (4.1.6) lib/active_support/callbacks.rb:229:in `block in halting'
  activesupport (4.1.6) lib/active_support/callbacks.rb:166:in `call'
  activesupport (4.1.6) lib/active_support/callbacks.rb:166:in `block in halting'
  activesupport (4.1.6) lib/active_support/callbacks.rb:166:in `call'
  activesupport (4.1.6) lib/active_support/callbacks.rb:166:in `block in halting'
  activesupport (4.1.6) lib/active_support/callbacks.rb:166:in `call'
  activesupport (4.1.6) lib/active_support/callbacks.rb:166:in `block in halting'
  activesupport (4.1.6) lib/active_support/callbacks.rb:86:in `call'
  activesupport (4.1.6) lib/active_support/callbacks.rb:86:in `run_callbacks'
  actionpack (4.1.6) lib/abstract_controller/callbacks.rb:19:in `process_action'
  actionpack (4.1.6) lib/action_controller/metal/rescue.rb:29:in `process_action'
  actionpack (4.1.6) lib/action_controller/metal/instrumentation.rb:31:in `block in process_action'
  activesupport (4.1.6) lib/active_support/notifications.rb:159:in `block in instrument'
  activesupport (4.1.6) lib/active_support/notifications/instrumenter.rb:20:in `instrument'
  activesupport (4.1.6) lib/active_support/notifications.rb:159:in `instrument'
  actionpack (4.1.6) lib/action_controller/metal/instrumentation.rb:30:in `process_action'
  actionpack (4.1.6) lib/action_controller/metal/params_wrapper.rb:250:in `process_action'
  activerecord (4.1.6) lib/active_record/railties/controller_runtime.rb:18:in `process_action'
  actionpack (4.1.6) lib/abstract_controller/base.rb:136:in `process'
  actionview (4.1.6) lib/action_view/rendering.rb:30:in `process'
  actionpack (4.1.6) lib/action_controller/metal.rb:196:in `dispatch'
  actionpack (4.1.6) lib/action_controller/metal/rack_delegation.rb:13:in `dispatch'
  actionpack (4.1.6) lib/action_controller/metal.rb:232:in `block in action'
  actionpack (4.1.6) lib/action_dispatch/routing/route_set.rb:82:in `call'
  actionpack (4.1.6) lib/action_dispatch/routing/route_set.rb:82:in `dispatch'
  actionpack (4.1.6) lib/action_dispatch/routing/route_set.rb:50:in `call'
  actionpack (4.1.6) lib/action_dispatch/journey/router.rb:73:in `block in call'
  actionpack (4.1.6) lib/action_dispatch/journey/router.rb:59:in `each'
  actionpack (4.1.6) lib/action_dispatch/journey/router.rb:59:in `call'
  actionpack (4.1.6) lib/action_dispatch/routing/route_set.rb:678:in `call'
  rack (1.5.2) lib/rack/etag.rb:23:in `call'
  rack (1.5.2) lib/rack/conditionalget.rb:25:in `call'
  rack (1.5.2) lib/rack/head.rb:11:in `call'
  actionpack (4.1.6) lib/action_dispatch/middleware/params_parser.rb:27:in `call'
  actionpack (4.1.6) lib/action_dispatch/middleware/flash.rb:254:in `call'
  rack (1.5.2) lib/rack/session/abstract/id.rb:225:in `context'
  rack (1.5.2) lib/rack/session/abstract/id.rb:220:in `call'
  actionpack (4.1.6) lib/action_dispatch/middleware/cookies.rb:560:in `call'
  activerecord (4.1.6) lib/active_record/query_cache.rb:36:in `call'
  activerecord (4.1.6) lib/active_record/connection_adapters/abstract/connection_pool.rb:621:in `call'
  activerecord (4.1.6) lib/active_record/migration.rb:380:in `call'
  actionpack (4.1.6) lib/action_dispatch/middleware/callbacks.rb:29:in `block in call'
  activesupport (4.1.6) lib/active_support/callbacks.rb:82:in `run_callbacks'
  actionpack (4.1.6) lib/action_dispatch/middleware/callbacks.rb:27:in `call'
  actionpack (4.1.6) lib/action_dispatch/middleware/reloader.rb:73:in `call'
  actionpack (4.1.6) lib/action_dispatch/middleware/remote_ip.rb:76:in `call'
  actionpack (4.1.6) lib/action_dispatch/middleware/debug_exceptions.rb:17:in `call'
  actionpack (4.1.6) lib/action_dispatch/middleware/show_exceptions.rb:30:in `call'
  railties (4.1.6) lib/rails/rack/logger.rb:38:in `call_app'
  railties (4.1.6) lib/rails/rack/logger.rb:20:in `block in call'
  activesupport (4.1.6) lib/active_support/tagged_logging.rb:68:in `block in tagged'
  activesupport (4.1.6) lib/active_support/tagged_logging.rb:26:in `tagged'
  activesupport (4.1.6) lib/active_support/tagged_logging.rb:68:in `tagged'
  railties (4.1.6) lib/rails/rack/logger.rb:20:in `call'
  actionpack (4.1.6) lib/action_dispatch/middleware/request_id.rb:21:in `call'
  rack (1.5.2) lib/rack/methodoverride.rb:21:in `call'
  rack (1.5.2) lib/rack/runtime.rb:17:in `call'
  activesupport (4.1.6) lib/active_support/cache/strategy/local_cache_middleware.rb:26:in `call'
  rack (1.5.2) lib/rack/lock.rb:17:in `call'
  actionpack (4.1.6) lib/action_dispatch/middleware/static.rb:64:in `call'
  rack (1.5.2) lib/rack/sendfile.rb:112:in `call'
  railties (4.1.6) lib/rails/engine.rb:514:in `call'
  railties (4.1.6) lib/rails/application.rb:144:in `call'
  rack (1.5.2) lib/rack/lock.rb:17:in `call'
  rack (1.5.2) lib/rack/content_length.rb:14:in `call'
  rack (1.5.2) lib/rack/handler/webrick.rb:60:in `service'
  /home/vagrant/.rvm/rubies/ruby-2.2.0/lib/ruby/2.2.0/webrick/httpserver.rb:138:in `service'
  /home/vagrant/.rvm/rubies/ruby-2.2.0/lib/ruby/2.2.0/webrick/httpserver.rb:94:in `run'
  /home/vagrant/.rvm/rubies/ruby-2.2.0/lib/ruby/2.2.0/webrick/server.rb:294:in `block in start_thread'


  Rendered /home/vagrant/.rvm/gems/ruby-2.2.0/gems/actionpack-4.1.6/lib/action_dispatch/middleware/templates/rescues/missing_template.html.erb within rescues/layout (19.2ms)


Started GET "/" for 10.0.2.2 at 2015-04-22 07:30:44 +0000
Processing by PagesController#home as HTML
  Rendered pages/home.html.erb within layouts/application (12.3ms)
Completed 200 OK in 1991ms (Views: 1933.1ms | ActiveRecord: 0.0ms)


Started GET "/assets/application.css?body=1" for 10.0.2.2 at 2015-04-22 07:30:48 +0000


Started GET "/assets/pages.css?body=1" for 10.0.2.2 at 2015-04-22 07:30:48 +0000


Started GET "/assets/jquery.js?body=1" for 10.0.2.2 at 2015-04-22 07:30:48 +0000


Started GET "/assets/jquery_ujs.js?body=1" for 10.0.2.2 at 2015-04-22 07:30:48 +0000


Started GET "/assets/application.js?body=1" for 10.0.2.2 at 2015-04-22 07:30:48 +0000


Started GET "/assets/pages.js?body=1" for 10.0.2.2 at 2015-04-22 07:30:49 +0000


Started GET "/assets/turbolinks.js?body=1" for 10.0.2.2 at 2015-04-22 07:30:49 +0000


Started GET "/" for 10.0.2.2 at 2015-04-22 07:41:00 +0000
Processing by PagesController#home as HTML
  Rendered pages/home.html.erb within layouts/application (21.0ms)
Completed 200 OK in 1137ms (Views: 1086.3ms | ActiveRecord: 0.0ms)


Started GET "/assets/pages.css?body=1" for 10.0.2.2 at 2015-04-22 07:41:03 +0000


Started GET "/assets/application.css?body=1" for 10.0.2.2 at 2015-04-22 07:41:03 +0000


Started GET "/assets/pages.js?body=1" for 10.0.2.2 at 2015-04-22 07:41:04 +0000


Started GET "/assets/application.js?body=1" for 10.0.2.2 at 2015-04-22 07:41:04 +0000


Started GET "/" for 10.0.2.2 at 2015-04-22 07:43:36 +0000
Processing by PagesController#home as HTML
  Rendered pages/home.html.erb within layouts/application (17.9ms)
Completed 200 OK in 1105ms (Views: 1049.4ms | ActiveRecord: 0.0ms)


Started GET "/assets/pages.css?body=1" for 10.0.2.2 at 2015-04-22 07:43:39 +0000


Started GET "/assets/application.css?body=1" for 10.0.2.2 at 2015-04-22 07:43:40 +0000


Started GET "/assets/pages.js?body=1" for 10.0.2.2 at 2015-04-22 07:43:40 +0000


Started GET "/assets/application.js?body=1" for 10.0.2.2 at 2015-04-22 07:43:40 +0000


Started GET "/" for 10.0.2.2 at 2015-04-22 07:49:05 +0000
Processing by PagesController#home as HTML
  Rendered pages/home.html.erb within layouts/application (19.9ms)
Completed 200 OK in 1066ms (Views: 1019.7ms | ActiveRecord: 0.0ms)


Started GET "/assets/application.css?body=1" for 10.0.2.2 at 2015-04-22 07:49:08 +0000


Started GET "/assets/pages.css?body=1" for 10.0.2.2 at 2015-04-22 07:49:08 +0000


Started GET "/assets/pages.js?body=1" for 10.0.2.2 at 2015-04-22 07:49:08 +0000


Started GET "/assets/application.js?body=1" for 10.0.2.2 at 2015-04-22 07:49:08 +0000


Started GET "/" for 10.0.2.2 at 2015-04-22 07:49:18 +0000
Processing by PagesController#home as HTML
  Rendered pages/home.html.erb within layouts/application (0.1ms)
Completed 200 OK in 655ms (Views: 653.9ms | ActiveRecord: 0.0ms)


Started GET "/assets/application.css?body=1" for 10.0.2.2 at 2015-04-22 07:49:19 +0000


Started GET "/assets/jquery_ujs.js?body=1" for 10.0.2.2 at 2015-04-22 07:49:19 +0000


Started GET "/assets/jquery.js?body=1" for 10.0.2.2 at 2015-04-22 07:49:19 +0000


Started GET "/assets/pages.css?body=1" for 10.0.2.2 at 2015-04-22 07:49:20 +0000


Started GET "/assets/turbolinks.js?body=1" for 10.0.2.2 at 2015-04-22 07:49:20 +0000


Started GET "/assets/pages.js?body=1" for 10.0.2.2 at 2015-04-22 07:49:20 +0000


Started GET "/assets/application.js?body=1" for 10.0.2.2 at 2015-04-22 07:49:20 +0000
  [1m[36m (9.7ms)[0m  [1mCREATE TABLE "schema_migrations" ("version" varchar(255) NOT NULL) [0m
  [1m[35m (0.1ms)[0m  select sqlite_version(*)
  [1m[36m (11.5ms)[0m  [1mCREATE UNIQUE INDEX "unique_schema_migrations" ON "schema_migrations" ("version")[0m
  [1m[35mActiveRecord::SchemaMigration Load (2.7ms)[0m  SELECT "schema_migrations".* FROM "schema_migrations"
Migrating to CreateFoods (20150422075301)
  [1m[36m (0.1ms)[0m  [1mbegin transaction[0m
  [1m[35m (7.8ms)[0m  CREATE TABLE "foods" ("id" INTEGER PRIMARY KEY AUTOINCREMENT NOT NULL, "name" varchar(255), "imageurl" varchar(255), "description" text, "created_at" datetime, "updated_at" datetime) 
  [1m[36mSQL (1.1ms)[0m  [1mINSERT INTO "schema_migrations" ("version") VALUES (?)[0m  [["version", "20150422075301"]]
  [1m[35m (5.8ms)[0m  commit transaction
  [1m[36mActiveRecord::SchemaMigration Load (4.7ms)[0m  [1mSELECT "schema_migrations".* FROM "schema_migrations"[0m
  [1m[36mActiveRecord::SchemaMigration Load (3.9ms)[0m  [1mSELECT "schema_migrations".* FROM "schema_migrations"[0m
  [1m[35m (0.1ms)[0m  begin transaction
  [1m[36mSQL (8.2ms)[0m  [1mINSERT INTO "foods" ("created_at", "description", "imageurl", "name", "updated_at") VALUES (?, ?, ?, ?, ?)[0m  [["created_at", "2015-04-22 08:40:22.386645"], ["description", "A moist cake studded with shredded carrots, pineapple, walnuts, and raisins covered with cream cheese frosting and finished with chopped almonds."], ["imageurl", "http://www.villageinn.com/i/pies/profile/carrotcake_main1.jpg"], ["name", "Carrot Cake"], ["updated_at", "2015-04-22 08:40:22.386645"]]
  [1m[35m (6.0ms)[0m  commit transaction


Started GET "/foods" for 10.0.2.2 at 2015-04-22 08:44:10 +0000
  [1m[36mActiveRecord::SchemaMigration Load (5.3ms)[0m  [1mSELECT "schema_migrations".* FROM "schema_migrations"[0m

ActionController::RoutingError (No route matches [GET] "/foods"):
  actionpack (4.1.6) lib/action_dispatch/middleware/debug_exceptions.rb:21:in `call'
  actionpack (4.1.6) lib/action_dispatch/middleware/show_exceptions.rb:30:in `call'
  railties (4.1.6) lib/rails/rack/logger.rb:38:in `call_app'
  railties (4.1.6) lib/rails/rack/logger.rb:20:in `block in call'
  activesupport (4.1.6) lib/active_support/tagged_logging.rb:68:in `block in tagged'
  activesupport (4.1.6) lib/active_support/tagged_logging.rb:26:in `tagged'
  activesupport (4.1.6) lib/active_support/tagged_logging.rb:68:in `tagged'
  railties (4.1.6) lib/rails/rack/logger.rb:20:in `call'
  actionpack (4.1.6) lib/action_dispatch/middleware/request_id.rb:21:in `call'
  rack (1.5.2) lib/rack/methodoverride.rb:21:in `call'
  rack (1.5.2) lib/rack/runtime.rb:17:in `call'
  activesupport (4.1.6) lib/active_support/cache/strategy/local_cache_middleware.rb:26:in `call'
  rack (1.5.2) lib/rack/lock.rb:17:in `call'
  actionpack (4.1.6) lib/action_dispatch/middleware/static.rb:64:in `call'
  rack (1.5.2) lib/rack/sendfile.rb:112:in `call'
  railties (4.1.6) lib/rails/engine.rb:514:in `call'
  railties (4.1.6) lib/rails/application.rb:144:in `call'
  rack (1.5.2) lib/rack/lock.rb:17:in `call'
  rack (1.5.2) lib/rack/content_length.rb:14:in `call'
  rack (1.5.2) lib/rack/handler/webrick.rb:60:in `service'
  /home/vagrant/.rvm/rubies/ruby-2.2.0/lib/ruby/2.2.0/webrick/httpserver.rb:138:in `service'
  /home/vagrant/.rvm/rubies/ruby-2.2.0/lib/ruby/2.2.0/webrick/httpserver.rb:94:in `run'
  /home/vagrant/.rvm/rubies/ruby-2.2.0/lib/ruby/2.2.0/webrick/server.rb:294:in `block in start_thread'


  Rendered /home/vagrant/.rvm/gems/ruby-2.2.0/gems/actionpack-4.1.6/lib/action_dispatch/middleware/templates/rescues/_trace.html.erb (2.9ms)
  Rendered /home/vagrant/.rvm/gems/ruby-2.2.0/gems/actionpack-4.1.6/lib/action_dispatch/middleware/templates/routes/_route.html.erb (1.6ms)
  Rendered /home/vagrant/.rvm/gems/ruby-2.2.0/gems/actionpack-4.1.6/lib/action_dispatch/middleware/templates/routes/_table.html.erb (108.5ms)
  Rendered /home/vagrant/.rvm/gems/ruby-2.2.0/gems/actionpack-4.1.6/lib/action_dispatch/middleware/templates/rescues/routing_error.html.erb within rescues/layout (206.3ms)


Started GET "/food" for 10.0.2.2 at 2015-04-22 08:44:49 +0000
  [1m[36mActiveRecord::SchemaMigration Load (4.3ms)[0m  [1mSELECT "schema_migrations".* FROM "schema_migrations"[0m

ActionController::RoutingError (No route matches [GET] "/food"):
  actionpack (4.1.6) lib/action_dispatch/middleware/debug_exceptions.rb:21:in `call'
  actionpack (4.1.6) lib/action_dispatch/middleware/show_exceptions.rb:30:in `call'
  railties (4.1.6) lib/rails/rack/logger.rb:38:in `call_app'
  railties (4.1.6) lib/rails/rack/logger.rb:20:in `block in call'
  activesupport (4.1.6) lib/active_support/tagged_logging.rb:68:in `block in tagged'
  activesupport (4.1.6) lib/active_support/tagged_logging.rb:26:in `tagged'
  activesupport (4.1.6) lib/active_support/tagged_logging.rb:68:in `tagged'
  railties (4.1.6) lib/rails/rack/logger.rb:20:in `call'
  actionpack (4.1.6) lib/action_dispatch/middleware/request_id.rb:21:in `call'
  rack (1.5.2) lib/rack/methodoverride.rb:21:in `call'
  rack (1.5.2) lib/rack/runtime.rb:17:in `call'
  activesupport (4.1.6) lib/active_support/cache/strategy/local_cache_middleware.rb:26:in `call'
  rack (1.5.2) lib/rack/lock.rb:17:in `call'
  actionpack (4.1.6) lib/action_dispatch/middleware/static.rb:64:in `call'
  rack (1.5.2) lib/rack/sendfile.rb:112:in `call'
  railties (4.1.6) lib/rails/engine.rb:514:in `call'
  railties (4.1.6) lib/rails/application.rb:144:in `call'
  rack (1.5.2) lib/rack/lock.rb:17:in `call'
  rack (1.5.2) lib/rack/content_length.rb:14:in `call'
  rack (1.5.2) lib/rack/handler/webrick.rb:60:in `service'
  /home/vagrant/.rvm/rubies/ruby-2.2.0/lib/ruby/2.2.0/webrick/httpserver.rb:138:in `service'
  /home/vagrant/.rvm/rubies/ruby-2.2.0/lib/ruby/2.2.0/webrick/httpserver.rb:94:in `run'
  /home/vagrant/.rvm/rubies/ruby-2.2.0/lib/ruby/2.2.0/webrick/server.rb:294:in `block in start_thread'


  Rendered /home/vagrant/.rvm/gems/ruby-2.2.0/gems/actionpack-4.1.6/lib/action_dispatch/middleware/templates/rescues/_trace.html.erb (1.6ms)
  Rendered /home/vagrant/.rvm/gems/ruby-2.2.0/gems/actionpack-4.1.6/lib/action_dispatch/middleware/templates/routes/_route.html.erb (2.7ms)
  Rendered /home/vagrant/.rvm/gems/ruby-2.2.0/gems/actionpack-4.1.6/lib/action_dispatch/middleware/templates/routes/_table.html.erb (109.7ms)
  Rendered /home/vagrant/.rvm/gems/ruby-2.2.0/gems/actionpack-4.1.6/lib/action_dispatch/middleware/templates/rescues/routing_error.html.erb within rescues/layout (185.5ms)


Started GET "/food/index" for 10.0.2.2 at 2015-04-22 08:44:55 +0000
Processing by FoodController#index as HTML
  Rendered food/index.html.erb within layouts/application (0.5ms)
Completed 200 OK in 1687ms (Views: 1589.2ms | ActiveRecord: 0.0ms)


Started GET "/assets/pages.css?body=1" for 10.0.2.2 at 2015-04-22 08:44:57 +0000


Started GET "/assets/food.css?body=1" for 10.0.2.2 at 2015-04-22 08:44:58 +0000


Started GET "/assets/application.css?body=1" for 10.0.2.2 at 2015-04-22 08:44:58 +0000


Started GET "/assets/food.js?body=1" for 10.0.2.2 at 2015-04-22 08:44:58 +0000


Started GET "/assets/turbolinks.js?body=1" for 10.0.2.2 at 2015-04-22 08:44:58 +0000


Started GET "/assets/jquery.js?body=1" for 10.0.2.2 at 2015-04-22 08:44:58 +0000


Started GET "/assets/jquery_ujs.js?body=1" for 10.0.2.2 at 2015-04-22 08:44:58 +0000


Started GET "/assets/pages.js?body=1" for 10.0.2.2 at 2015-04-22 08:44:59 +0000


Started GET "/assets/application.js?body=1" for 10.0.2.2 at 2015-04-22 08:44:59 +0000


Started GET "/food/index" for 10.0.2.2 at 2015-04-22 08:55:03 +0000
  [1m[36mActiveRecord::SchemaMigration Load (3.5ms)[0m  [1mSELECT "schema_migrations".* FROM "schema_migrations"[0m
Processing by FoodController#index as HTML
  [1m[35mFood Load (3.9ms)[0m  SELECT "foods".* FROM "foods"
  Rendered food/index.html.erb within layouts/application (30.3ms)
Completed 200 OK in 1301ms (Views: 1198.2ms | ActiveRecord: 7.8ms)


Started GET "/assets/food.css?body=1" for 10.0.2.2 at 2015-04-22 08:55:06 +0000


Started GET "/assets/pages.css?body=1" for 10.0.2.2 at 2015-04-22 08:55:06 +0000


Started GET "/assets/application.css?body=1" for 10.0.2.2 at 2015-04-22 08:55:07 +0000


Started GET "/assets/food.js?body=1" for 10.0.2.2 at 2015-04-22 08:55:07 +0000


Started GET "/assets/turbolinks.js?body=1" for 10.0.2.2 at 2015-04-22 08:55:07 +0000


Started GET "/assets/jquery.js?body=1" for 10.0.2.2 at 2015-04-22 08:55:07 +0000


Started GET "/assets/jquery_ujs.js?body=1" for 10.0.2.2 at 2015-04-22 08:55:07 +0000


Started GET "/assets/pages.js?body=1" for 10.0.2.2 at 2015-04-22 08:55:07 +0000


Started GET "/assets/application.js?body=1" for 10.0.2.2 at 2015-04-22 08:55:08 +0000


Started GET "/food/index" for 10.0.2.2 at 2015-04-22 08:56:59 +0000
  [1m[36mActiveRecord::SchemaMigration Load (3.9ms)[0m  [1mSELECT "schema_migrations".* FROM "schema_migrations"[0m
Processing by FoodController#index as HTML
  [1m[35mFood Load (4.2ms)[0m  SELECT "foods".* FROM "foods"
  Rendered food/index.html.erb within layouts/application (36.0ms)
Completed 200 OK in 1273ms (Views: 1168.8ms | ActiveRecord: 9.1ms)


Started GET "/assets/food.css?body=1" for 10.0.2.2 at 2015-04-22 08:57:02 +0000


Started GET "/assets/pages.css?body=1" for 10.0.2.2 at 2015-04-22 08:57:02 +0000


Started GET "/assets/application.css?body=1" for 10.0.2.2 at 2015-04-22 08:57:02 +0000


Started GET "/assets/food.js?body=1" for 10.0.2.2 at 2015-04-22 08:57:03 +0000


Started GET "/assets/turbolinks.js?body=1" for 10.0.2.2 at 2015-04-22 08:57:03 +0000


Started GET "/assets/jquery_ujs.js?body=1" for 10.0.2.2 at 2015-04-22 08:57:03 +0000


Started GET "/assets/jquery.js?body=1" for 10.0.2.2 at 2015-04-22 08:57:03 +0000


Started GET "/assets/pages.js?body=1" for 10.0.2.2 at 2015-04-22 08:57:03 +0000


Started GET "/assets/application.js?body=1" for 10.0.2.2 at 2015-04-22 08:57:03 +0000


Started GET "/food/index" for 10.0.2.2 at 2015-04-22 09:04:52 +0000
  [1m[36mActiveRecord::SchemaMigration Load (3.6ms)[0m  [1mSELECT "schema_migrations".* FROM "schema_migrations"[0m
Processing by FoodController#show as HTML
  Parameters: {"id"=>"index"}
  [1m[35mFood Load (3.7ms)[0m  SELECT  "foods".* FROM "foods"  WHERE "foods"."id" = ? LIMIT 1  [["id", 0]]
Completed 404 Not Found in 116ms

ActiveRecord::RecordNotFound (Couldn't find Food with 'id'=index):
  app/controllers/food_controller.rb:7:in `show'


  Rendered /home/vagrant/.rvm/gems/ruby-2.2.0/gems/actionpack-4.1.6/lib/action_dispatch/middleware/templates/rescues/_source.erb (0.8ms)
  Rendered /home/vagrant/.rvm/gems/ruby-2.2.0/gems/actionpack-4.1.6/lib/action_dispatch/middleware/templates/rescues/_trace.html.erb (1.5ms)
  Rendered /home/vagrant/.rvm/gems/ruby-2.2.0/gems/actionpack-4.1.6/lib/action_dispatch/middleware/templates/rescues/_request_and_response.html.erb (1.4ms)
  Rendered /home/vagrant/.rvm/gems/ruby-2.2.0/gems/actionpack-4.1.6/lib/action_dispatch/middleware/templates/rescues/diagnostics.erb within rescues/layout (41.2ms)


Started GET "/food/" for 10.0.2.2 at 2015-04-22 09:05:05 +0000
Processing by FoodController#index as HTML
  [1m[36mFood Load (3.1ms)[0m  [1mSELECT "foods".* FROM "foods"[0m
  Rendered food/index.html.erb within layouts/application (11.2ms)
Completed 200 OK in 1127ms (Views: 1122.5ms | ActiveRecord: 3.1ms)


Started GET "/assets/pages.css?body=1" for 10.0.2.2 at 2015-04-22 09:05:06 +0000


Started GET "/assets/food.css?body=1" for 10.0.2.2 at 2015-04-22 09:05:06 +0000


Started GET "/assets/application.css?body=1" for 10.0.2.2 at 2015-04-22 09:05:06 +0000


Started GET "/assets/jquery_ujs.js?body=1" for 10.0.2.2 at 2015-04-22 09:05:06 +0000


Started GET "/assets/jquery.js?body=1" for 10.0.2.2 at 2015-04-22 09:05:07 +0000


Started GET "/assets/food.js?body=1" for 10.0.2.2 at 2015-04-22 09:05:07 +0000


Started GET "/assets/turbolinks.js?body=1" for 10.0.2.2 at 2015-04-22 09:05:07 +0000


Started GET "/assets/pages.js?body=1" for 10.0.2.2 at 2015-04-22 09:05:07 +0000


Started GET "/assets/application.js?body=1" for 10.0.2.2 at 2015-04-22 09:05:07 +0000


Started GET "/food/1" for 10.0.2.2 at 2015-04-22 09:05:10 +0000
Processing by FoodController#show as HTML
  Parameters: {"id"=>"1"}
  [1m[35mFood Load (4.0ms)[0m  SELECT  "foods".* FROM "foods"  WHERE "foods"."id" = ? LIMIT 1  [["id", 1]]
Completed 500 Internal Server Error in 133ms

ActionView::MissingTemplate (Missing template food/show, application/show with {:locale=>[:en], :formats=>[:html], :variants=>[], :handlers=>[:erb, :builder, :raw, :ruby, :coffee, :jbuilder]}. Searched in:
  * "/vagrant/rails-decal-sp15-proj2/proj2/app/views"
):
  actionview (4.1.6) lib/action_view/path_set.rb:46:in `find'
  actionview (4.1.6) lib/action_view/lookup_context.rb:124:in `find'
  actionview (4.1.6) lib/action_view/renderer/abstract_renderer.rb:18:in `find_template'
  actionview (4.1.6) lib/action_view/renderer/template_renderer.rb:41:in `determine_template'
  actionview (4.1.6) lib/action_view/renderer/template_renderer.rb:8:in `render'
  actionview (4.1.6) lib/action_view/renderer/renderer.rb:42:in `render_template'
  actionview (4.1.6) lib/action_view/renderer/renderer.rb:23:in `render'
  actionview (4.1.6) lib/action_view/rendering.rb:99:in `_render_template'
  actionpack (4.1.6) lib/action_controller/metal/streaming.rb:217:in `_render_template'
  actionview (4.1.6) lib/action_view/rendering.rb:82:in `render_to_body'
  actionpack (4.1.6) lib/action_controller/metal/rendering.rb:32:in `render_to_body'
  actionpack (4.1.6) lib/action_controller/metal/renderers.rb:32:in `render_to_body'
  actionpack (4.1.6) lib/abstract_controller/rendering.rb:25:in `render'
  actionpack (4.1.6) lib/action_controller/metal/rendering.rb:16:in `render'
  actionpack (4.1.6) lib/action_controller/metal/instrumentation.rb:41:in `block (2 levels) in render'
  activesupport (4.1.6) lib/active_support/core_ext/benchmark.rb:12:in `block in ms'
  /home/vagrant/.rvm/rubies/ruby-2.2.0/lib/ruby/2.2.0/benchmark.rb:303:in `realtime'
  activesupport (4.1.6) lib/active_support/core_ext/benchmark.rb:12:in `ms'
  actionpack (4.1.6) lib/action_controller/metal/instrumentation.rb:41:in `block in render'
  actionpack (4.1.6) lib/action_controller/metal/instrumentation.rb:84:in `cleanup_view_runtime'
  activerecord (4.1.6) lib/active_record/railties/controller_runtime.rb:25:in `cleanup_view_runtime'
  actionpack (4.1.6) lib/action_controller/metal/instrumentation.rb:40:in `render'
  actionpack (4.1.6) lib/action_controller/metal/implicit_render.rb:10:in `default_render'
  actionpack (4.1.6) lib/action_controller/metal/implicit_render.rb:5:in `send_action'
  actionpack (4.1.6) lib/abstract_controller/base.rb:189:in `process_action'
  actionpack (4.1.6) lib/action_controller/metal/rendering.rb:10:in `process_action'
  actionpack (4.1.6) lib/abstract_controller/callbacks.rb:20:in `block in process_action'
  activesupport (4.1.6) lib/active_support/callbacks.rb:113:in `call'
  activesupport (4.1.6) lib/active_support/callbacks.rb:113:in `call'
  activesupport (4.1.6) lib/active_support/callbacks.rb:229:in `block in halting'
  activesupport (4.1.6) lib/active_support/callbacks.rb:229:in `call'
  activesupport (4.1.6) lib/active_support/callbacks.rb:229:in `block in halting'
  activesupport (4.1.6) lib/active_support/callbacks.rb:166:in `call'
  activesupport (4.1.6) lib/active_support/callbacks.rb:166:in `block in halting'
  activesupport (4.1.6) lib/active_support/callbacks.rb:166:in `call'
  activesupport (4.1.6) lib/active_support/callbacks.rb:166:in `block in halting'
  activesupport (4.1.6) lib/active_support/callbacks.rb:166:in `call'
  activesupport (4.1.6) lib/active_support/callbacks.rb:166:in `block in halting'
  activesupport (4.1.6) lib/active_support/callbacks.rb:86:in `call'
  activesupport (4.1.6) lib/active_support/callbacks.rb:86:in `run_callbacks'
  actionpack (4.1.6) lib/abstract_controller/callbacks.rb:19:in `process_action'
  actionpack (4.1.6) lib/action_controller/metal/rescue.rb:29:in `process_action'
  actionpack (4.1.6) lib/action_controller/metal/instrumentation.rb:31:in `block in process_action'
  activesupport (4.1.6) lib/active_support/notifications.rb:159:in `block in instrument'
  activesupport (4.1.6) lib/active_support/notifications/instrumenter.rb:20:in `instrument'
  activesupport (4.1.6) lib/active_support/notifications.rb:159:in `instrument'
  actionpack (4.1.6) lib/action_controller/metal/instrumentation.rb:30:in `process_action'
  actionpack (4.1.6) lib/action_controller/metal/params_wrapper.rb:250:in `process_action'
  activerecord (4.1.6) lib/active_record/railties/controller_runtime.rb:18:in `process_action'
  actionpack (4.1.6) lib/abstract_controller/base.rb:136:in `process'
  actionview (4.1.6) lib/action_view/rendering.rb:30:in `process'
  actionpack (4.1.6) lib/action_controller/metal.rb:196:in `dispatch'
  actionpack (4.1.6) lib/action_controller/metal/rack_delegation.rb:13:in `dispatch'
  actionpack (4.1.6) lib/action_controller/metal.rb:232:in `block in action'
  actionpack (4.1.6) lib/action_dispatch/routing/route_set.rb:82:in `call'
  actionpack (4.1.6) lib/action_dispatch/routing/route_set.rb:82:in `dispatch'
  actionpack (4.1.6) lib/action_dispatch/routing/route_set.rb:50:in `call'
  actionpack (4.1.6) lib/action_dispatch/journey/router.rb:73:in `block in call'
  actionpack (4.1.6) lib/action_dispatch/journey/router.rb:59:in `each'
  actionpack (4.1.6) lib/action_dispatch/journey/router.rb:59:in `call'
  actionpack (4.1.6) lib/action_dispatch/routing/route_set.rb:678:in `call'
  rack (1.5.2) lib/rack/etag.rb:23:in `call'
  rack (1.5.2) lib/rack/conditionalget.rb:25:in `call'
  rack (1.5.2) lib/rack/head.rb:11:in `call'
  actionpack (4.1.6) lib/action_dispatch/middleware/params_parser.rb:27:in `call'
  actionpack (4.1.6) lib/action_dispatch/middleware/flash.rb:254:in `call'
  rack (1.5.2) lib/rack/session/abstract/id.rb:225:in `context'
  rack (1.5.2) lib/rack/session/abstract/id.rb:220:in `call'
  actionpack (4.1.6) lib/action_dispatch/middleware/cookies.rb:560:in `call'
  activerecord (4.1.6) lib/active_record/query_cache.rb:36:in `call'
  activerecord (4.1.6) lib/active_record/connection_adapters/abstract/connection_pool.rb:621:in `call'
  activerecord (4.1.6) lib/active_record/migration.rb:380:in `call'
  actionpack (4.1.6) lib/action_dispatch/middleware/callbacks.rb:29:in `block in call'
  activesupport (4.1.6) lib/active_support/callbacks.rb:82:in `run_callbacks'
  actionpack (4.1.6) lib/action_dispatch/middleware/callbacks.rb:27:in `call'
  actionpack (4.1.6) lib/action_dispatch/middleware/reloader.rb:73:in `call'
  actionpack (4.1.6) lib/action_dispatch/middleware/remote_ip.rb:76:in `call'
  actionpack (4.1.6) lib/action_dispatch/middleware/debug_exceptions.rb:17:in `call'
  actionpack (4.1.6) lib/action_dispatch/middleware/show_exceptions.rb:30:in `call'
  railties (4.1.6) lib/rails/rack/logger.rb:38:in `call_app'
  railties (4.1.6) lib/rails/rack/logger.rb:20:in `block in call'
  activesupport (4.1.6) lib/active_support/tagged_logging.rb:68:in `block in tagged'
  activesupport (4.1.6) lib/active_support/tagged_logging.rb:26:in `tagged'
  activesupport (4.1.6) lib/active_support/tagged_logging.rb:68:in `tagged'
  railties (4.1.6) lib/rails/rack/logger.rb:20:in `call'
  actionpack (4.1.6) lib/action_dispatch/middleware/request_id.rb:21:in `call'
  rack (1.5.2) lib/rack/methodoverride.rb:21:in `call'
  rack (1.5.2) lib/rack/runtime.rb:17:in `call'
  activesupport (4.1.6) lib/active_support/cache/strategy/local_cache_middleware.rb:26:in `call'
  rack (1.5.2) lib/rack/lock.rb:17:in `call'
  actionpack (4.1.6) lib/action_dispatch/middleware/static.rb:64:in `call'
  rack (1.5.2) lib/rack/sendfile.rb:112:in `call'
  railties (4.1.6) lib/rails/engine.rb:514:in `call'
  railties (4.1.6) lib/rails/application.rb:144:in `call'
  rack (1.5.2) lib/rack/lock.rb:17:in `call'
  rack (1.5.2) lib/rack/content_length.rb:14:in `call'
  rack (1.5.2) lib/rack/handler/webrick.rb:60:in `service'
  /home/vagrant/.rvm/rubies/ruby-2.2.0/lib/ruby/2.2.0/webrick/httpserver.rb:138:in `service'
  /home/vagrant/.rvm/rubies/ruby-2.2.0/lib/ruby/2.2.0/webrick/httpserver.rb:94:in `run'
  /home/vagrant/.rvm/rubies/ruby-2.2.0/lib/ruby/2.2.0/webrick/server.rb:294:in `block in start_thread'


  Rendered /home/vagrant/.rvm/gems/ruby-2.2.0/gems/actionpack-4.1.6/lib/action_dispatch/middleware/templates/rescues/missing_template.html.erb within rescues/layout (0.6ms)


Started GET "/food/" for 10.0.2.2 at 2015-04-22 09:10:30 +0000
  [1m[36mActiveRecord::SchemaMigration Load (3.5ms)[0m  [1mSELECT "schema_migrations".* FROM "schema_migrations"[0m
Processing by FoodController#index as HTML
  [1m[35mFood Load (2.8ms)[0m  SELECT "foods".* FROM "foods"
  Rendered food/index.html.erb within layouts/application (27.8ms)
Completed 200 OK in 1133ms (Views: 1029.4ms | ActiveRecord: 6.1ms)


Started GET "/assets/pages.css?body=1" for 10.0.2.2 at 2015-04-22 09:10:33 +0000


Started GET "/assets/food.css?body=1" for 10.0.2.2 at 2015-04-22 09:10:33 +0000


Started GET "/assets/application.css?body=1" for 10.0.2.2 at 2015-04-22 09:10:33 +0000


Started GET "/assets/food.js?body=1" for 10.0.2.2 at 2015-04-22 09:10:33 +0000


Started GET "/assets/jquery_ujs.js?body=1" for 10.0.2.2 at 2015-04-22 09:10:34 +0000


Started GET "/assets/jquery.js?body=1" for 10.0.2.2 at 2015-04-22 09:10:34 +0000


Started GET "/assets/turbolinks.js?body=1" for 10.0.2.2 at 2015-04-22 09:10:34 +0000


Started GET "/assets/pages.js?body=1" for 10.0.2.2 at 2015-04-22 09:10:34 +0000


Started GET "/assets/application.js?body=1" for 10.0.2.2 at 2015-04-22 09:10:34 +0000


Started GET "/food/1" for 10.0.2.2 at 2015-04-22 09:10:38 +0000
Processing by FoodController#show as HTML
  Parameters: {"id"=>"1"}
  [1m[36mFood Load (5.4ms)[0m  [1mSELECT  "foods".* FROM "foods"  WHERE "foods"."id" = ? LIMIT 1[0m  [["id", 1]]
  Rendered food/show.html.erb within layouts/application (1.3ms)
Completed 200 OK in 742ms (Views: 732.6ms | ActiveRecord: 5.4ms)


Started GET "/assets/pages.css?body=1" for 10.0.2.2 at 2015-04-22 09:10:39 +0000


Started GET "/assets/application.css?body=1" for 10.0.2.2 at 2015-04-22 09:10:39 +0000


Started GET "/assets/food.css?body=1" for 10.0.2.2 at 2015-04-22 09:10:39 +0000


Started GET "/assets/jquery_ujs.js?body=1" for 10.0.2.2 at 2015-04-22 09:10:39 +0000


Started GET "/assets/turbolinks.js?body=1" for 10.0.2.2 at 2015-04-22 09:10:40 +0000


Started GET "/assets/jquery.js?body=1" for 10.0.2.2 at 2015-04-22 09:10:40 +0000


Started GET "/assets/food.js?body=1" for 10.0.2.2 at 2015-04-22 09:10:40 +0000


Started GET "/assets/pages.js?body=1" for 10.0.2.2 at 2015-04-22 09:10:40 +0000


Started GET "/assets/application.js?body=1" for 10.0.2.2 at 2015-04-22 09:10:40 +0000


Started GET "/food/1/edit" for 10.0.2.2 at 2015-04-22 09:10:45 +0000
Processing by FoodController#edit as HTML
  Parameters: {"id"=>"1"}
  [1m[35mFood Load (3.3ms)[0m  SELECT  "foods".* FROM "foods"  WHERE "foods"."id" = ? LIMIT 1  [["id", 1]]
  Rendered food/edit.html.erb within layouts/application (0.6ms)
Completed 200 OK in 699ms (Views: 693.7ms | ActiveRecord: 3.3ms)


Started GET "/food/1/delete" for 10.0.2.2 at 2015-04-22 09:10:50 +0000

AbstractController::ActionNotFound (The action 'delete' could not be found for FoodController):
  actionpack (4.1.6) lib/abstract_controller/base.rb:131:in `process'
  actionview (4.1.6) lib/action_view/rendering.rb:30:in `process'
  actionpack (4.1.6) lib/action_controller/metal.rb:196:in `dispatch'
  actionpack (4.1.6) lib/action_controller/metal/rack_delegation.rb:13:in `dispatch'
  actionpack (4.1.6) lib/action_controller/metal.rb:232:in `block in action'
  actionpack (4.1.6) lib/action_dispatch/routing/route_set.rb:82:in `call'
  actionpack (4.1.6) lib/action_dispatch/routing/route_set.rb:82:in `dispatch'
  actionpack (4.1.6) lib/action_dispatch/routing/route_set.rb:50:in `call'
  actionpack (4.1.6) lib/action_dispatch/journey/router.rb:73:in `block in call'
  actionpack (4.1.6) lib/action_dispatch/journey/router.rb:59:in `each'
  actionpack (4.1.6) lib/action_dispatch/journey/router.rb:59:in `call'
  actionpack (4.1.6) lib/action_dispatch/routing/route_set.rb:678:in `call'
  rack (1.5.2) lib/rack/etag.rb:23:in `call'
  rack (1.5.2) lib/rack/conditionalget.rb:25:in `call'
  rack (1.5.2) lib/rack/head.rb:11:in `call'
  actionpack (4.1.6) lib/action_dispatch/middleware/params_parser.rb:27:in `call'
  actionpack (4.1.6) lib/action_dispatch/middleware/flash.rb:254:in `call'
  rack (1.5.2) lib/rack/session/abstract/id.rb:225:in `context'
  rack (1.5.2) lib/rack/session/abstract/id.rb:220:in `call'
  actionpack (4.1.6) lib/action_dispatch/middleware/cookies.rb:560:in `call'
  activerecord (4.1.6) lib/active_record/query_cache.rb:36:in `call'
  activerecord (4.1.6) lib/active_record/connection_adapters/abstract/connection_pool.rb:621:in `call'
  activerecord (4.1.6) lib/active_record/migration.rb:380:in `call'
  actionpack (4.1.6) lib/action_dispatch/middleware/callbacks.rb:29:in `block in call'
  activesupport (4.1.6) lib/active_support/callbacks.rb:82:in `run_callbacks'
  actionpack (4.1.6) lib/action_dispatch/middleware/callbacks.rb:27:in `call'
  actionpack (4.1.6) lib/action_dispatch/middleware/reloader.rb:73:in `call'
  actionpack (4.1.6) lib/action_dispatch/middleware/remote_ip.rb:76:in `call'
  actionpack (4.1.6) lib/action_dispatch/middleware/debug_exceptions.rb:17:in `call'
  actionpack (4.1.6) lib/action_dispatch/middleware/show_exceptions.rb:30:in `call'
  railties (4.1.6) lib/rails/rack/logger.rb:38:in `call_app'
  railties (4.1.6) lib/rails/rack/logger.rb:20:in `block in call'
  activesupport (4.1.6) lib/active_support/tagged_logging.rb:68:in `block in tagged'
  activesupport (4.1.6) lib/active_support/tagged_logging.rb:26:in `tagged'
  activesupport (4.1.6) lib/active_support/tagged_logging.rb:68:in `tagged'
  railties (4.1.6) lib/rails/rack/logger.rb:20:in `call'
  actionpack (4.1.6) lib/action_dispatch/middleware/request_id.rb:21:in `call'
  rack (1.5.2) lib/rack/methodoverride.rb:21:in `call'
  rack (1.5.2) lib/rack/runtime.rb:17:in `call'
  activesupport (4.1.6) lib/active_support/cache/strategy/local_cache_middleware.rb:26:in `call'
  rack (1.5.2) lib/rack/lock.rb:17:in `call'
  actionpack (4.1.6) lib/action_dispatch/middleware/static.rb:64:in `call'
  rack (1.5.2) lib/rack/sendfile.rb:112:in `call'
  railties (4.1.6) lib/rails/engine.rb:514:in `call'
  railties (4.1.6) lib/rails/application.rb:144:in `call'
  rack (1.5.2) lib/rack/lock.rb:17:in `call'
  rack (1.5.2) lib/rack/content_length.rb:14:in `call'
  rack (1.5.2) lib/rack/handler/webrick.rb:60:in `service'
  /home/vagrant/.rvm/rubies/ruby-2.2.0/lib/ruby/2.2.0/webrick/httpserver.rb:138:in `service'
  /home/vagrant/.rvm/rubies/ruby-2.2.0/lib/ruby/2.2.0/webrick/httpserver.rb:94:in `run'
  /home/vagrant/.rvm/rubies/ruby-2.2.0/lib/ruby/2.2.0/webrick/server.rb:294:in `block in start_thread'


  Rendered /home/vagrant/.rvm/gems/ruby-2.2.0/gems/actionpack-4.1.6/lib/action_dispatch/middleware/templates/rescues/unknown_action.html.erb within rescues/layout (0.7ms)


Started GET "/food/1/delete" for 10.0.2.2 at 2015-04-22 09:10:52 +0000

AbstractController::ActionNotFound (The action 'delete' could not be found for FoodController):
  actionpack (4.1.6) lib/abstract_controller/base.rb:131:in `process'
  actionview (4.1.6) lib/action_view/rendering.rb:30:in `process'
  actionpack (4.1.6) lib/action_controller/metal.rb:196:in `dispatch'
  actionpack (4.1.6) lib/action_controller/metal/rack_delegation.rb:13:in `dispatch'
  actionpack (4.1.6) lib/action_controller/metal.rb:232:in `block in action'
  actionpack (4.1.6) lib/action_dispatch/routing/route_set.rb:82:in `call'
  actionpack (4.1.6) lib/action_dispatch/routing/route_set.rb:82:in `dispatch'
  actionpack (4.1.6) lib/action_dispatch/routing/route_set.rb:50:in `call'
  actionpack (4.1.6) lib/action_dispatch/journey/router.rb:73:in `block in call'
  actionpack (4.1.6) lib/action_dispatch/journey/router.rb:59:in `each'
  actionpack (4.1.6) lib/action_dispatch/journey/router.rb:59:in `call'
  actionpack (4.1.6) lib/action_dispatch/routing/route_set.rb:678:in `call'
  rack (1.5.2) lib/rack/etag.rb:23:in `call'
  rack (1.5.2) lib/rack/conditionalget.rb:25:in `call'
  rack (1.5.2) lib/rack/head.rb:11:in `call'
  actionpack (4.1.6) lib/action_dispatch/middleware/params_parser.rb:27:in `call'
  actionpack (4.1.6) lib/action_dispatch/middleware/flash.rb:254:in `call'
  rack (1.5.2) lib/rack/session/abstract/id.rb:225:in `context'
  rack (1.5.2) lib/rack/session/abstract/id.rb:220:in `call'
  actionpack (4.1.6) lib/action_dispatch/middleware/cookies.rb:560:in `call'
  activerecord (4.1.6) lib/active_record/query_cache.rb:36:in `call'
  activerecord (4.1.6) lib/active_record/connection_adapters/abstract/connection_pool.rb:621:in `call'
  activerecord (4.1.6) lib/active_record/migration.rb:380:in `call'
  actionpack (4.1.6) lib/action_dispatch/middleware/callbacks.rb:29:in `block in call'
  activesupport (4.1.6) lib/active_support/callbacks.rb:82:in `run_callbacks'
  actionpack (4.1.6) lib/action_dispatch/middleware/callbacks.rb:27:in `call'
  actionpack (4.1.6) lib/action_dispatch/middleware/reloader.rb:73:in `call'
  actionpack (4.1.6) lib/action_dispatch/middleware/remote_ip.rb:76:in `call'
  actionpack (4.1.6) lib/action_dispatch/middleware/debug_exceptions.rb:17:in `call'
  actionpack (4.1.6) lib/action_dispatch/middleware/show_exceptions.rb:30:in `call'
  railties (4.1.6) lib/rails/rack/logger.rb:38:in `call_app'
  railties (4.1.6) lib/rails/rack/logger.rb:20:in `block in call'
  activesupport (4.1.6) lib/active_support/tagged_logging.rb:68:in `block in tagged'
  activesupport (4.1.6) lib/active_support/tagged_logging.rb:26:in `tagged'
  activesupport (4.1.6) lib/active_support/tagged_logging.rb:68:in `tagged'
  railties (4.1.6) lib/rails/rack/logger.rb:20:in `call'
  actionpack (4.1.6) lib/action_dispatch/middleware/request_id.rb:21:in `call'
  rack (1.5.2) lib/rack/methodoverride.rb:21:in `call'
  rack (1.5.2) lib/rack/runtime.rb:17:in `call'
  activesupport (4.1.6) lib/active_support/cache/strategy/local_cache_middleware.rb:26:in `call'
  rack (1.5.2) lib/rack/lock.rb:17:in `call'
  actionpack (4.1.6) lib/action_dispatch/middleware/static.rb:64:in `call'
  rack (1.5.2) lib/rack/sendfile.rb:112:in `call'
  railties (4.1.6) lib/rails/engine.rb:514:in `call'
  railties (4.1.6) lib/rails/application.rb:144:in `call'
  rack (1.5.2) lib/rack/lock.rb:17:in `call'
  rack (1.5.2) lib/rack/content_length.rb:14:in `call'
  rack (1.5.2) lib/rack/handler/webrick.rb:60:in `service'
  /home/vagrant/.rvm/rubies/ruby-2.2.0/lib/ruby/2.2.0/webrick/httpserver.rb:138:in `service'
  /home/vagrant/.rvm/rubies/ruby-2.2.0/lib/ruby/2.2.0/webrick/httpserver.rb:94:in `run'
  /home/vagrant/.rvm/rubies/ruby-2.2.0/lib/ruby/2.2.0/webrick/server.rb:294:in `block in start_thread'


  Rendered /home/vagrant/.rvm/gems/ruby-2.2.0/gems/actionpack-4.1.6/lib/action_dispatch/middleware/templates/rescues/unknown_action.html.erb within rescues/layout (2.1ms)


Started GET "/food/1/" for 10.0.2.2 at 2015-04-22 09:12:46 +0000
  [1m[36mActiveRecord::SchemaMigration Load (4.6ms)[0m  [1mSELECT "schema_migrations".* FROM "schema_migrations"[0m
Processing by FoodController#show as HTML
  Parameters: {"id"=>"1"}
  [1m[35mFood Load (4.1ms)[0m  SELECT  "foods".* FROM "foods"  WHERE "foods"."id" = ? LIMIT 1  [["id", 1]]
  Rendered food/show.html.erb within layouts/application (19.5ms)
Completed 200 OK in 1256ms (Views: 1116.2ms | ActiveRecord: 10.6ms)


Started GET "/assets/pages.css?body=1" for 10.0.2.2 at 2015-04-22 09:12:49 +0000


Started GET "/assets/food.css?body=1" for 10.0.2.2 at 2015-04-22 09:12:49 +0000


Started GET "/assets/application.css?body=1" for 10.0.2.2 at 2015-04-22 09:12:49 +0000


Started GET "/assets/jquery.js?body=1" for 10.0.2.2 at 2015-04-22 09:12:50 +0000


Started GET "/assets/jquery_ujs.js?body=1" for 10.0.2.2 at 2015-04-22 09:12:50 +0000


Started GET "/assets/turbolinks.js?body=1" for 10.0.2.2 at 2015-04-22 09:12:50 +0000


Started GET "/assets/pages.js?body=1" for 10.0.2.2 at 2015-04-22 09:12:50 +0000


Started GET "/assets/food.js?body=1" for 10.0.2.2 at 2015-04-22 09:12:50 +0000


Started GET "/assets/application.js?body=1" for 10.0.2.2 at 2015-04-22 09:12:51 +0000


Started GET "/food/1/delete" for 10.0.2.2 at 2015-04-22 09:12:53 +0000
Processing by FoodController#delete as HTML
  Parameters: {"id"=>"1"}
  [1m[36mFood Load (3.3ms)[0m  [1mSELECT  "foods".* FROM "foods"  WHERE "foods"."id" = ? LIMIT 1[0m  [["id", 1]]
Completed 500 Internal Server Error in 127ms

ActionView::MissingTemplate (Missing template food/delete, application/delete with {:locale=>[:en], :formats=>[:html, :xml], :variants=>[], :handlers=>[:erb, :builder, :raw, :ruby, :coffee, :jbuilder]}. Searched in:
  * "/vagrant/rails-decal-sp15-proj2/proj2/app/views"
):
  actionview (4.1.6) lib/action_view/path_set.rb:46:in `find'
  actionview (4.1.6) lib/action_view/lookup_context.rb:124:in `find'
  actionview (4.1.6) lib/action_view/renderer/abstract_renderer.rb:18:in `find_template'
  actionview (4.1.6) lib/action_view/renderer/template_renderer.rb:41:in `determine_template'
  actionview (4.1.6) lib/action_view/renderer/template_renderer.rb:8:in `render'
  actionview (4.1.6) lib/action_view/renderer/renderer.rb:42:in `render_template'
  actionview (4.1.6) lib/action_view/renderer/renderer.rb:23:in `render'
  actionview (4.1.6) lib/action_view/rendering.rb:99:in `_render_template'
  actionpack (4.1.6) lib/action_controller/metal/streaming.rb:217:in `_render_template'
  actionview (4.1.6) lib/action_view/rendering.rb:82:in `render_to_body'
  actionpack (4.1.6) lib/action_controller/metal/rendering.rb:32:in `render_to_body'
  actionpack (4.1.6) lib/action_controller/metal/renderers.rb:32:in `render_to_body'
  actionpack (4.1.6) lib/abstract_controller/rendering.rb:25:in `render'
  actionpack (4.1.6) lib/action_controller/metal/rendering.rb:16:in `render'
  actionpack (4.1.6) lib/action_controller/metal/instrumentation.rb:41:in `block (2 levels) in render'
  activesupport (4.1.6) lib/active_support/core_ext/benchmark.rb:12:in `block in ms'
  /home/vagrant/.rvm/rubies/ruby-2.2.0/lib/ruby/2.2.0/benchmark.rb:303:in `realtime'
  activesupport (4.1.6) lib/active_support/core_ext/benchmark.rb:12:in `ms'
  actionpack (4.1.6) lib/action_controller/metal/instrumentation.rb:41:in `block in render'
  actionpack (4.1.6) lib/action_controller/metal/instrumentation.rb:84:in `cleanup_view_runtime'
  activerecord (4.1.6) lib/active_record/railties/controller_runtime.rb:25:in `cleanup_view_runtime'
  actionpack (4.1.6) lib/action_controller/metal/instrumentation.rb:40:in `render'
  actionpack (4.1.6) lib/action_controller/metal/implicit_render.rb:10:in `default_render'
  actionpack (4.1.6) lib/action_controller/metal/implicit_render.rb:5:in `send_action'
  actionpack (4.1.6) lib/abstract_controller/base.rb:189:in `process_action'
  actionpack (4.1.6) lib/action_controller/metal/rendering.rb:10:in `process_action'
  actionpack (4.1.6) lib/abstract_controller/callbacks.rb:20:in `block in process_action'
  activesupport (4.1.6) lib/active_support/callbacks.rb:113:in `call'
  activesupport (4.1.6) lib/active_support/callbacks.rb:113:in `call'
  activesupport (4.1.6) lib/active_support/callbacks.rb:229:in `block in halting'
  activesupport (4.1.6) lib/active_support/callbacks.rb:229:in `call'
  activesupport (4.1.6) lib/active_support/callbacks.rb:229:in `block in halting'
  activesupport (4.1.6) lib/active_support/callbacks.rb:166:in `call'
  activesupport (4.1.6) lib/active_support/callbacks.rb:166:in `block in halting'
  activesupport (4.1.6) lib/active_support/callbacks.rb:166:in `call'
  activesupport (4.1.6) lib/active_support/callbacks.rb:166:in `block in halting'
  activesupport (4.1.6) lib/active_support/callbacks.rb:166:in `call'
  activesupport (4.1.6) lib/active_support/callbacks.rb:166:in `block in halting'
  activesupport (4.1.6) lib/active_support/callbacks.rb:86:in `call'
  activesupport (4.1.6) lib/active_support/callbacks.rb:86:in `run_callbacks'
  actionpack (4.1.6) lib/abstract_controller/callbacks.rb:19:in `process_action'
  actionpack (4.1.6) lib/action_controller/metal/rescue.rb:29:in `process_action'
  actionpack (4.1.6) lib/action_controller/metal/instrumentation.rb:31:in `block in process_action'
  activesupport (4.1.6) lib/active_support/notifications.rb:159:in `block in instrument'
  activesupport (4.1.6) lib/active_support/notifications/instrumenter.rb:20:in `instrument'
  activesupport (4.1.6) lib/active_support/notifications.rb:159:in `instrument'
  actionpack (4.1.6) lib/action_controller/metal/instrumentation.rb:30:in `process_action'
  actionpack (4.1.6) lib/action_controller/metal/params_wrapper.rb:250:in `process_action'
  activerecord (4.1.6) lib/active_record/railties/controller_runtime.rb:18:in `process_action'
  actionpack (4.1.6) lib/abstract_controller/base.rb:136:in `process'
  actionview (4.1.6) lib/action_view/rendering.rb:30:in `process'
  actionpack (4.1.6) lib/action_controller/metal.rb:196:in `dispatch'
  actionpack (4.1.6) lib/action_controller/metal/rack_delegation.rb:13:in `dispatch'
  actionpack (4.1.6) lib/action_controller/metal.rb:232:in `block in action'
  actionpack (4.1.6) lib/action_dispatch/routing/route_set.rb:82:in `call'
  actionpack (4.1.6) lib/action_dispatch/routing/route_set.rb:82:in `dispatch'
  actionpack (4.1.6) lib/action_dispatch/routing/route_set.rb:50:in `call'
  actionpack (4.1.6) lib/action_dispatch/journey/router.rb:73:in `block in call'
  actionpack (4.1.6) lib/action_dispatch/journey/router.rb:59:in `each'
  actionpack (4.1.6) lib/action_dispatch/journey/router.rb:59:in `call'
  actionpack (4.1.6) lib/action_dispatch/routing/route_set.rb:678:in `call'
  rack (1.5.2) lib/rack/etag.rb:23:in `call'
  rack (1.5.2) lib/rack/conditionalget.rb:25:in `call'
  rack (1.5.2) lib/rack/head.rb:11:in `call'
  actionpack (4.1.6) lib/action_dispatch/middleware/params_parser.rb:27:in `call'
  actionpack (4.1.6) lib/action_dispatch/middleware/flash.rb:254:in `call'
  rack (1.5.2) lib/rack/session/abstract/id.rb:225:in `context'
  rack (1.5.2) lib/rack/session/abstract/id.rb:220:in `call'
  actionpack (4.1.6) lib/action_dispatch/middleware/cookies.rb:560:in `call'
  activerecord (4.1.6) lib/active_record/query_cache.rb:36:in `call'
  activerecord (4.1.6) lib/active_record/connection_adapters/abstract/connection_pool.rb:621:in `call'
  activerecord (4.1.6) lib/active_record/migration.rb:380:in `call'
  actionpack (4.1.6) lib/action_dispatch/middleware/callbacks.rb:29:in `block in call'
  activesupport (4.1.6) lib/active_support/callbacks.rb:82:in `run_callbacks'
  actionpack (4.1.6) lib/action_dispatch/middleware/callbacks.rb:27:in `call'
  actionpack (4.1.6) lib/action_dispatch/middleware/reloader.rb:73:in `call'
  actionpack (4.1.6) lib/action_dispatch/middleware/remote_ip.rb:76:in `call'
  actionpack (4.1.6) lib/action_dispatch/middleware/debug_exceptions.rb:17:in `call'
  actionpack (4.1.6) lib/action_dispatch/middleware/show_exceptions.rb:30:in `call'
  railties (4.1.6) lib/rails/rack/logger.rb:38:in `call_app'
  railties (4.1.6) lib/rails/rack/logger.rb:20:in `block in call'
  activesupport (4.1.6) lib/active_support/tagged_logging.rb:68:in `block in tagged'
  activesupport (4.1.6) lib/active_support/tagged_logging.rb:26:in `tagged'
  activesupport (4.1.6) lib/active_support/tagged_logging.rb:68:in `tagged'
  railties (4.1.6) lib/rails/rack/logger.rb:20:in `call'
  actionpack (4.1.6) lib/action_dispatch/middleware/request_id.rb:21:in `call'
  rack (1.5.2) lib/rack/methodoverride.rb:21:in `call'
  rack (1.5.2) lib/rack/runtime.rb:17:in `call'
  activesupport (4.1.6) lib/active_support/cache/strategy/local_cache_middleware.rb:26:in `call'
  rack (1.5.2) lib/rack/lock.rb:17:in `call'
  actionpack (4.1.6) lib/action_dispatch/middleware/static.rb:64:in `call'
  rack (1.5.2) lib/rack/sendfile.rb:112:in `call'
  railties (4.1.6) lib/rails/engine.rb:514:in `call'
  railties (4.1.6) lib/rails/application.rb:144:in `call'
  rack (1.5.2) lib/rack/lock.rb:17:in `call'
  rack (1.5.2) lib/rack/content_length.rb:14:in `call'
  rack (1.5.2) lib/rack/handler/webrick.rb:60:in `service'
  /home/vagrant/.rvm/rubies/ruby-2.2.0/lib/ruby/2.2.0/webrick/httpserver.rb:138:in `service'
  /home/vagrant/.rvm/rubies/ruby-2.2.0/lib/ruby/2.2.0/webrick/httpserver.rb:94:in `run'
  /home/vagrant/.rvm/rubies/ruby-2.2.0/lib/ruby/2.2.0/webrick/server.rb:294:in `block in start_thread'


  Rendered /home/vagrant/.rvm/gems/ruby-2.2.0/gems/actionpack-4.1.6/lib/action_dispatch/middleware/templates/rescues/missing_template.html.erb within rescues/layout (2.7ms)


Started GET "/food/1/delete" for 10.0.2.2 at 2015-04-22 09:12:53 +0000
Processing by FoodController#delete as HTML
  Parameters: {"id"=>"1"}
  [1m[35mFood Load (6.5ms)[0m  SELECT  "foods".* FROM "foods"  WHERE "foods"."id" = ? LIMIT 1  [["id", 1]]
Completed 500 Internal Server Error in 173ms

ActionView::MissingTemplate (Missing template food/delete, application/delete with {:locale=>[:en], :formats=>[:html], :variants=>[], :handlers=>[:erb, :builder, :raw, :ruby, :coffee, :jbuilder]}. Searched in:
  * "/vagrant/rails-decal-sp15-proj2/proj2/app/views"
):
  actionview (4.1.6) lib/action_view/path_set.rb:46:in `find'
  actionview (4.1.6) lib/action_view/lookup_context.rb:124:in `find'
  actionview (4.1.6) lib/action_view/renderer/abstract_renderer.rb:18:in `find_template'
  actionview (4.1.6) lib/action_view/renderer/template_renderer.rb:41:in `determine_template'
  actionview (4.1.6) lib/action_view/renderer/template_renderer.rb:8:in `render'
  actionview (4.1.6) lib/action_view/renderer/renderer.rb:42:in `render_template'
  actionview (4.1.6) lib/action_view/renderer/renderer.rb:23:in `render'
  actionview (4.1.6) lib/action_view/rendering.rb:99:in `_render_template'
  actionpack (4.1.6) lib/action_controller/metal/streaming.rb:217:in `_render_template'
  actionview (4.1.6) lib/action_view/rendering.rb:82:in `render_to_body'
  actionpack (4.1.6) lib/action_controller/metal/rendering.rb:32:in `render_to_body'
  actionpack (4.1.6) lib/action_controller/metal/renderers.rb:32:in `render_to_body'
  actionpack (4.1.6) lib/abstract_controller/rendering.rb:25:in `render'
  actionpack (4.1.6) lib/action_controller/metal/rendering.rb:16:in `render'
  actionpack (4.1.6) lib/action_controller/metal/instrumentation.rb:41:in `block (2 levels) in render'
  activesupport (4.1.6) lib/active_support/core_ext/benchmark.rb:12:in `block in ms'
  /home/vagrant/.rvm/rubies/ruby-2.2.0/lib/ruby/2.2.0/benchmark.rb:303:in `realtime'
  activesupport (4.1.6) lib/active_support/core_ext/benchmark.rb:12:in `ms'
  actionpack (4.1.6) lib/action_controller/metal/instrumentation.rb:41:in `block in render'
  actionpack (4.1.6) lib/action_controller/metal/instrumentation.rb:84:in `cleanup_view_runtime'
  activerecord (4.1.6) lib/active_record/railties/controller_runtime.rb:25:in `cleanup_view_runtime'
  actionpack (4.1.6) lib/action_controller/metal/instrumentation.rb:40:in `render'
  actionpack (4.1.6) lib/action_controller/metal/implicit_render.rb:10:in `default_render'
  actionpack (4.1.6) lib/action_controller/metal/implicit_render.rb:5:in `send_action'
  actionpack (4.1.6) lib/abstract_controller/base.rb:189:in `process_action'
  actionpack (4.1.6) lib/action_controller/metal/rendering.rb:10:in `process_action'
  actionpack (4.1.6) lib/abstract_controller/callbacks.rb:20:in `block in process_action'
  activesupport (4.1.6) lib/active_support/callbacks.rb:113:in `call'
  activesupport (4.1.6) lib/active_support/callbacks.rb:113:in `call'
  activesupport (4.1.6) lib/active_support/callbacks.rb:229:in `block in halting'
  activesupport (4.1.6) lib/active_support/callbacks.rb:229:in `call'
  activesupport (4.1.6) lib/active_support/callbacks.rb:229:in `block in halting'
  activesupport (4.1.6) lib/active_support/callbacks.rb:166:in `call'
  activesupport (4.1.6) lib/active_support/callbacks.rb:166:in `block in halting'
  activesupport (4.1.6) lib/active_support/callbacks.rb:166:in `call'
  activesupport (4.1.6) lib/active_support/callbacks.rb:166:in `block in halting'
  activesupport (4.1.6) lib/active_support/callbacks.rb:166:in `call'
  activesupport (4.1.6) lib/active_support/callbacks.rb:166:in `block in halting'
  activesupport (4.1.6) lib/active_support/callbacks.rb:86:in `call'
  activesupport (4.1.6) lib/active_support/callbacks.rb:86:in `run_callbacks'
  actionpack (4.1.6) lib/abstract_controller/callbacks.rb:19:in `process_action'
  actionpack (4.1.6) lib/action_controller/metal/rescue.rb:29:in `process_action'
  actionpack (4.1.6) lib/action_controller/metal/instrumentation.rb:31:in `block in process_action'
  activesupport (4.1.6) lib/active_support/notifications.rb:159:in `block in instrument'
  activesupport (4.1.6) lib/active_support/notifications/instrumenter.rb:20:in `instrument'
  activesupport (4.1.6) lib/active_support/notifications.rb:159:in `instrument'
  actionpack (4.1.6) lib/action_controller/metal/instrumentation.rb:30:in `process_action'
  actionpack (4.1.6) lib/action_controller/metal/params_wrapper.rb:250:in `process_action'
  activerecord (4.1.6) lib/active_record/railties/controller_runtime.rb:18:in `process_action'
  actionpack (4.1.6) lib/abstract_controller/base.rb:136:in `process'
  actionview (4.1.6) lib/action_view/rendering.rb:30:in `process'
  actionpack (4.1.6) lib/action_controller/metal.rb:196:in `dispatch'
  actionpack (4.1.6) lib/action_controller/metal/rack_delegation.rb:13:in `dispatch'
  actionpack (4.1.6) lib/action_controller/metal.rb:232:in `block in action'
  actionpack (4.1.6) lib/action_dispatch/routing/route_set.rb:82:in `call'
  actionpack (4.1.6) lib/action_dispatch/routing/route_set.rb:82:in `dispatch'
  actionpack (4.1.6) lib/action_dispatch/routing/route_set.rb:50:in `call'
  actionpack (4.1.6) lib/action_dispatch/journey/router.rb:73:in `block in call'
  actionpack (4.1.6) lib/action_dispatch/journey/router.rb:59:in `each'
  actionpack (4.1.6) lib/action_dispatch/journey/router.rb:59:in `call'
  actionpack (4.1.6) lib/action_dispatch/routing/route_set.rb:678:in `call'
  rack (1.5.2) lib/rack/etag.rb:23:in `call'
  rack (1.5.2) lib/rack/conditionalget.rb:25:in `call'
  rack (1.5.2) lib/rack/head.rb:11:in `call'
  actionpack (4.1.6) lib/action_dispatch/middleware/params_parser.rb:27:in `call'
  actionpack (4.1.6) lib/action_dispatch/middleware/flash.rb:254:in `call'
  rack (1.5.2) lib/rack/session/abstract/id.rb:225:in `context'
  rack (1.5.2) lib/rack/session/abstract/id.rb:220:in `call'
  actionpack (4.1.6) lib/action_dispatch/middleware/cookies.rb:560:in `call'
  activerecord (4.1.6) lib/active_record/query_cache.rb:36:in `call'
  activerecord (4.1.6) lib/active_record/connection_adapters/abstract/connection_pool.rb:621:in `call'
  activerecord (4.1.6) lib/active_record/migration.rb:380:in `call'
  actionpack (4.1.6) lib/action_dispatch/middleware/callbacks.rb:29:in `block in call'
  activesupport (4.1.6) lib/active_support/callbacks.rb:82:in `run_callbacks'
  actionpack (4.1.6) lib/action_dispatch/middleware/callbacks.rb:27:in `call'
  actionpack (4.1.6) lib/action_dispatch/middleware/reloader.rb:73:in `call'
  actionpack (4.1.6) lib/action_dispatch/middleware/remote_ip.rb:76:in `call'
  actionpack (4.1.6) lib/action_dispatch/middleware/debug_exceptions.rb:17:in `call'
  actionpack (4.1.6) lib/action_dispatch/middleware/show_exceptions.rb:30:in `call'
  railties (4.1.6) lib/rails/rack/logger.rb:38:in `call_app'
  railties (4.1.6) lib/rails/rack/logger.rb:20:in `block in call'
  activesupport (4.1.6) lib/active_support/tagged_logging.rb:68:in `block in tagged'
  activesupport (4.1.6) lib/active_support/tagged_logging.rb:26:in `tagged'
  activesupport (4.1.6) lib/active_support/tagged_logging.rb:68:in `tagged'
  railties (4.1.6) lib/rails/rack/logger.rb:20:in `call'
  actionpack (4.1.6) lib/action_dispatch/middleware/request_id.rb:21:in `call'
  rack (1.5.2) lib/rack/methodoverride.rb:21:in `call'
  rack (1.5.2) lib/rack/runtime.rb:17:in `call'
  activesupport (4.1.6) lib/active_support/cache/strategy/local_cache_middleware.rb:26:in `call'
  rack (1.5.2) lib/rack/lock.rb:17:in `call'
  actionpack (4.1.6) lib/action_dispatch/middleware/static.rb:64:in `call'
  rack (1.5.2) lib/rack/sendfile.rb:112:in `call'
  railties (4.1.6) lib/rails/engine.rb:514:in `call'
  railties (4.1.6) lib/rails/application.rb:144:in `call'
  rack (1.5.2) lib/rack/lock.rb:17:in `call'
  rack (1.5.2) lib/rack/content_length.rb:14:in `call'
  rack (1.5.2) lib/rack/handler/webrick.rb:60:in `service'
  /home/vagrant/.rvm/rubies/ruby-2.2.0/lib/ruby/2.2.0/webrick/httpserver.rb:138:in `service'
  /home/vagrant/.rvm/rubies/ruby-2.2.0/lib/ruby/2.2.0/webrick/httpserver.rb:94:in `run'
  /home/vagrant/.rvm/rubies/ruby-2.2.0/lib/ruby/2.2.0/webrick/server.rb:294:in `block in start_thread'


  Rendered /home/vagrant/.rvm/gems/ruby-2.2.0/gems/actionpack-4.1.6/lib/action_dispatch/middleware/templates/rescues/missing_template.html.erb within rescues/layout (6.6ms)


Started GET "/food/1" for 10.0.2.2 at 2015-04-22 09:18:07 +0000
  [1m[36mActiveRecord::SchemaMigration Load (4.6ms)[0m  [1mSELECT "schema_migrations".* FROM "schema_migrations"[0m
Processing by FoodController#show as HTML
  Parameters: {"id"=>"1"}
  [1m[35mFood Load (4.2ms)[0m  SELECT  "foods".* FROM "foods"  WHERE "foods"."id" = ? LIMIT 1  [["id", 1]]
  Rendered food/show.html.erb within layouts/application (17.3ms)
Completed 200 OK in 1136ms (Views: 1013.9ms | ActiveRecord: 18.2ms)


Started GET "/assets/food.css?body=1" for 10.0.2.2 at 2015-04-22 09:18:10 +0000


Started GET "/assets/pages.css?body=1" for 10.0.2.2 at 2015-04-22 09:18:10 +0000


Started GET "/assets/application.css?body=1" for 10.0.2.2 at 2015-04-22 09:18:10 +0000


Started GET "/assets/food.js?body=1" for 10.0.2.2 at 2015-04-22 09:18:10 +0000


Started GET "/assets/turbolinks.js?body=1" for 10.0.2.2 at 2015-04-22 09:18:11 +0000


Started GET "/assets/jquery_ujs.js?body=1" for 10.0.2.2 at 2015-04-22 09:18:11 +0000


Started GET "/assets/jquery.js?body=1" for 10.0.2.2 at 2015-04-22 09:18:11 +0000


Started GET "/assets/pages.js?body=1" for 10.0.2.2 at 2015-04-22 09:18:11 +0000


Started GET "/assets/application.js?body=1" for 10.0.2.2 at 2015-04-22 09:18:11 +0000


Started GET "/food/1/delete" for 10.0.2.2 at 2015-04-22 09:18:15 +0000
Processing by FoodController#delete as HTML
  Parameters: {"id"=>"1"}
  [1m[36mFood Load (3.5ms)[0m  [1mSELECT  "foods".* FROM "foods"  WHERE "foods"."id" = ? LIMIT 1[0m  [["id", 1]]
  Rendered food/delete.html.erb within layouts/application (1.2ms)
Completed 200 OK in 557ms (Views: 551.5ms | ActiveRecord: 3.5ms)


Started GET "/food/1/delete" for 10.0.2.2 at 2015-04-22 09:18:20 +0000
Processing by FoodController#delete as HTML
  Parameters: {"id"=>"1"}
  [1m[35mFood Load (3.3ms)[0m  SELECT  "foods".* FROM "foods"  WHERE "foods"."id" = ? LIMIT 1  [["id", 1]]
  Rendered food/delete.html.erb within layouts/application (1.0ms)
Completed 200 OK in 569ms (Views: 563.6ms | ActiveRecord: 3.3ms)


Started GET "/food/1/delete" for 10.0.2.2 at 2015-04-22 09:18:33 +0000
Processing by FoodController#delete as HTML
  Parameters: {"id"=>"1"}
  [1m[36mFood Load (3.9ms)[0m  [1mSELECT  "foods".* FROM "foods"  WHERE "foods"."id" = ? LIMIT 1[0m  [["id", 1]]
  Rendered food/delete.html.erb within layouts/application (0.9ms)
Completed 200 OK in 586ms (Views: 579.6ms | ActiveRecord: 3.9ms)


Started GET "/food/1" for 10.0.2.2 at 2015-04-22 09:18:40 +0000
Processing by FoodController#show as HTML
  Parameters: {"id"=>"1"}
  [1m[35mFood Load (3.7ms)[0m  SELECT  "foods".* FROM "foods"  WHERE "foods"."id" = ? LIMIT 1  [["id", 1]]
  Rendered food/show.html.erb within layouts/application (0.9ms)
Completed 200 OK in 627ms (Views: 621.7ms | ActiveRecord: 3.7ms)


Started GET "/assets/pages.css?body=1" for 10.0.2.2 at 2015-04-22 09:18:41 +0000


Started GET "/assets/application.css?body=1" for 10.0.2.2 at 2015-04-22 09:18:41 +0000


Started GET "/assets/food.css?body=1" for 10.0.2.2 at 2015-04-22 09:18:41 +0000


Started GET "/assets/jquery.js?body=1" for 10.0.2.2 at 2015-04-22 09:18:41 +0000


Started GET "/assets/jquery_ujs.js?body=1" for 10.0.2.2 at 2015-04-22 09:18:42 +0000


Started GET "/assets/pages.js?body=1" for 10.0.2.2 at 2015-04-22 09:18:42 +0000


Started GET "/assets/food.js?body=1" for 10.0.2.2 at 2015-04-22 09:18:42 +0000


Started GET "/assets/turbolinks.js?body=1" for 10.0.2.2 at 2015-04-22 09:18:42 +0000


Started GET "/assets/application.js?body=1" for 10.0.2.2 at 2015-04-22 09:18:42 +0000
